<?xml version="1.0" encoding="UTF-8"?>
<!-- Generated by org.testng.reporters.JUnitXMLReporter -->
<testsuite ignored="2" hostname="ANNMITHRALEODILJITH" failures="0" tests="8" name="chromeTest" time="117.722" errors="0" timestamp="2025-02-18T14:06:00 GMT-05:00">
  <testcase classname="testCases.TC01_LaunchApplication" name="testLaunchApplication" time="0.062"/>
  <testcase classname="testCases.TC03_AddToCart" name="testAddToCart" time="2.959"/>
  <testcase classname="testCases.TC02_Login" name="testLogin" time="3.651"/>
  <testcase classname="testCases.TC02_Login" name="testLogin" time="3.399"/>
  <testcase classname="testCases.TC02_Login" name="testLogin" time="2.836"/>
  <testcase classname="testCases.TC02_Login" name="testLogin" time="2.965"/>
  <testcase classname="testCases.TC02_Login" name="testLogin" time="2.999"/>
  <testcase classname="testCases.TC04_CompletePurchase" name="testCompletePurchase" time="72.869"/>
  <testcase classname="testCases.TC05_AddAnItemToWishList" name="testAddAnItemToWishList" time="0.0">
    <ignored/>
  </testcase> <!-- testAddAnItemToWishList -->
  <testcase classname="testCases.TC06_PurchaseAGiftCertificate" name="testPurchaseAGiftCertificate" time="0.0">
    <ignored/>
  </testcase> <!-- testPurchaseAGiftCertificate -->
</testsuite> <!-- chromeTest -->
