<?xml version="1.0" encoding="UTF-8"?>
<!-- Generated by org.testng.reporters.JUnitXMLReporter -->
<testsuite ignored="2" hostname="ANNMITHRALEODILJITH" failures="0" tests="8" name="firefoxTest" time="108.374" errors="0" timestamp="2025-02-18T14:05:52 GMT-05:00">
  <testcase classname="testCases.TC01_LaunchApplication" name="testLaunchApplication" time="0.058"/>
  <testcase classname="testCases.TC03_AddToCart" name="testAddToCart" time="3.828"/>
  <testcase classname="testCases.TC02_Login" name="testLogin" time="0.0">
    <skipped/>
  </testcase> <!-- testLogin -->
  <testcase classname="testCases.TC02_Login" name="testLogin" time="0.0">
    <skipped/>
  </testcase> <!-- testLogin -->
  <testcase classname="testCases.TC02_Login" name="testLogin" time="0.0">
    <skipped/>
  </testcase> <!-- testLogin -->
  <testcase classname="testCases.TC02_Login" name="testLogin" time="0.0">
    <skipped/>
  </testcase> <!-- testLogin -->
  <testcase classname="testCases.TC02_Login" name="testLogin" time="0.0">
    <skipped/>
  </testcase> <!-- testLogin -->
  <testcase classname="testCases.TC04_CompletePurchase" name="testCompletePurchase" time="72.441"/>
  <testcase classname="testCases.TC05_AddAnItemToWishList" name="testAddAnItemToWishList" time="0.0">
    <ignored/>
  </testcase> <!-- testAddAnItemToWishList -->
  <testcase classname="testCases.TC06_PurchaseAGiftCertificate" name="testPurchaseAGiftCertificate" time="0.0">
    <ignored/>
  </testcase> <!-- testPurchaseAGiftCertificate -->
</testsuite> <!-- firefoxTest -->
